0 info it worked if it ends with ok
1 verbose cli [ 'C:\\Program Files\\nodejs\\node.exe',
1 verbose cli   'C:\\Program Files\\nodejs\\node_modules\\npm\\bin\\npm-cli.js',
1 verbose cli   'run',
1 verbose cli   'test' ]
2 info using npm@3.10.10
3 info using node@v6.9.5
4 verbose config Skipping project config: C:\Users\nsirimongkol/.npmrc. (matches userconfig)
5 verbose run-script [ 'pretest', 'test', 'posttest' ]
6 info lifecycle nsirimongkol@1.0.0~pretest: nsirimongkol@1.0.0
7 silly lifecycle nsirimongkol@1.0.0~pretest: no script for pretest, continuing
8 info lifecycle nsirimongkol@1.0.0~test: nsirimongkol@1.0.0
9 verbose lifecycle nsirimongkol@1.0.0~test: unsafe-perm in lifecycle true
10 verbose lifecycle nsirimongkol@1.0.0~test: PATH: C:\Program Files\nodejs\node_modules\npm\bin\node-gyp-bin;C:\Users\nsirimongkol\node_modules\.bin;C:\Users\nsirimongkol\Downloads\cmder\bin;C:\Users\nsirimongkol\Downloads\cmder\vendor\conemu-maximus5\ConEmu\Scripts;C:\Users\nsirimongkol\Downloads\cmder\vendor\conemu-maximus5;C:\Users\nsirimongkol\Downloads\cmder\vendor\conemu-maximus5\ConEmu;C:\Program Files (x86)\Intel\iCLS Client\;C:\ProgramData\Oracle\Java\javapath;C:\Program Files\Intel\iCLS Client\;C:\Windows\system32;C:\Windows;C:\Windows\System32\Wbem;C:\Windows\System32\WindowsPowerShell\v1.0\;c:\Program Files (x86)\ATI Technologies\ATI.ACE\Core-Static;C:\Program Files\TortoiseSVN\bin;C:\Program Files (x86)\Seapine\TestTrack;C:\Program Files\Intel\WiFi\bin\;C:\Program Files\Common Files\Intel\WirelessCommon\;C:\Program Files (x86)\Microsoft SQL Server\Client SDK\ODBC\130\Tools\Binn\;C:\Program Files (x86)\Microsoft SQL Server\130\Tools\Binn\;C:\Program Files (x86)\Microsoft SQL Server\130\DTS\Binn\;C:\Program Files (x86)\Microsoft SQL Server\130\Tools\Binn\ManagementStudio\;C:\Program Files\Microsoft SQL Server\130\Tools\Binn\;C:\Program Files\nodejs\;C:\Program Files (x86)\Skype\Phone\;C:\Program Files\PuTTY\;C:\Program Files\dotnet\;C:\Program Files\Git\cmd;C:\Windows\System32\WindowsPowerShell\v1.0\;C:\Program Files (x86)\GtkSharp\2.12\bin;C:\Program Files (x86)\PuTTY\;C:\Program Files (x86)\Intel\UCRT\;C:\Program Files\Intel\UCRT\;C:\Program Files (x86)\Intel\Intel(R) Management Engine Components\DAL;C:\Program Files\Intel\Intel(R) Management Engine Components\DAL;C:\Program Files (x86)\Intel\Intel(R) Management Engine Components\IPT;C:\Program Files\Intel\Intel(R) Management Engine Components\IPT;C:\Ruby24-x64\bin;C:\Users\nsirimongkol\AppData\Roaming\npm;C:\Users\nsirimongkol\AppData\Roaming\Cloud Foundry;C:\Program Files\Git\usr\bin;C:\Program Files\Git\usr\share\vim\vim74;C:\Users\nsirimongkol\Downloads\cmder\
11 verbose lifecycle nsirimongkol@1.0.0~test: CWD: C:\Users\nsirimongkol
12 silly lifecycle nsirimongkol@1.0.0~test: Args: [ '/d /s /c', 'echo "Error: no test specified" && exit 1' ]
13 silly lifecycle nsirimongkol@1.0.0~test: Returned: code: 1  signal: null
14 info lifecycle nsirimongkol@1.0.0~test: Failed to exec test script
15 verbose stack Error: nsirimongkol@1.0.0 test: `echo "Error: no test specified" && exit 1`
15 verbose stack Exit status 1
15 verbose stack     at EventEmitter.<anonymous> (C:\Program Files\nodejs\node_modules\npm\lib\utils\lifecycle.js:255:16)
15 verbose stack     at emitTwo (events.js:106:13)
15 verbose stack     at EventEmitter.emit (events.js:191:7)
15 verbose stack     at ChildProcess.<anonymous> (C:\Program Files\nodejs\node_modules\npm\lib\utils\spawn.js:40:14)
15 verbose stack     at emitTwo (events.js:106:13)
15 verbose stack     at ChildProcess.emit (events.js:191:7)
15 verbose stack     at maybeClose (internal/child_process.js:877:16)
15 verbose stack     at Process.ChildProcess._handle.onexit (internal/child_process.js:226:5)
16 verbose pkgid nsirimongkol@1.0.0
17 verbose cwd C:\Users\nsirimongkol\Documents\CS3220\cs-3220-spring-2018-nsirimo
18 error Windows_NT 6.1.7601
19 error argv "C:\\Program Files\\nodejs\\node.exe" "C:\\Program Files\\nodejs\\node_modules\\npm\\bin\\npm-cli.js" "run" "test"
20 error node v6.9.5
21 error npm  v3.10.10
22 error code ELIFECYCLE
23 error nsirimongkol@1.0.0 test: `echo "Error: no test specified" && exit 1`
23 error Exit status 1
24 error Failed at the nsirimongkol@1.0.0 test script 'echo "Error: no test specified" && exit 1'.
24 error Make sure you have the latest version of node.js and npm installed.
24 error If you do, this is most likely a problem with the nsirimongkol package,
24 error not with npm itself.
24 error Tell the author that this fails on your system:
24 error     echo "Error: no test specified" && exit 1
24 error You can get information on how to open an issue for this project with:
24 error     npm bugs nsirimongkol
24 error Or if that isn't available, you can get their info via:
24 error     npm owner ls nsirimongkol
24 error There is likely additional logging output above.
25 verbose exit [ 1, true ]
